<?xml version="1.0" encoding="UTF-8"?>
<!-- Generated by org.testng.reporters.JUnitXMLReporter -->
<testsuite ignored="7" hostname="DESKTOP-P8A2VEI" failures="0" tests="1" name="Default test" time="7.963" errors="0" timestamp="05 Nov 2022 08:54:31 GMT">
  <testcase classname="com.Base.Sample1" name="productSearch" time="7.84"/>
  <testcase classname="com.Base.Sample1" name="deleteAddress" time="0.0">
    <ignored/>
  </testcase> <!-- deleteAddress -->
  <testcase classname="com.Base.Sample1" name="getUserAdress" time="0.0">
    <ignored/>
  </testcase> <!-- getUserAdress -->
  <testcase classname="com.Base.Sample1" name="addUserAdress" time="0.0">
    <ignored/>
  </testcase> <!-- addUserAdress -->
  <testcase classname="com.Base.Sample1" name="getStateList" time="0.0">
    <ignored/>
  </testcase> <!-- getStateList -->
  <testcase classname="com.Base.Sample1" name="Tc1" time="0.0">
    <ignored/>
  </testcase> <!-- Tc1 -->
  <testcase classname="com.Base.Sample1" name="updateAddress" time="0.0">
    <ignored/>
  </testcase> <!-- updateAddress -->
  <testcase classname="com.Base.Sample1" name="getCitylist" time="0.0">
    <ignored/>
  </testcase> <!-- getCitylist -->
</testsuite> <!-- Default test -->
