<?xml version="1.0" encoding="UTF-8"?>
<testng-results ignored="7" total="8" passed="1" failed="0" skipped="0">
  <reporter-output>
  </reporter-output>
  <suite started-at="2022-11-05T08:54:23Z" name="Default suite" finished-at="2022-11-05T08:54:31Z" duration-ms="7963">
    <groups>
    </groups>
    <test started-at="2022-11-05T08:54:23Z" name="Default test" finished-at="2022-11-05T08:54:31Z" duration-ms="7963">
      <class name="com.Base.Sample1">
        <test-method signature="productSearch()[pri:0, instance:com.Base.Sample1@be68757]" started-at="2022-11-05T08:54:23Z" name="productSearch" finished-at="2022-11-05T08:54:31Z" duration-ms="7840" status="PASS">
          <reporter-output>
          </reporter-output>
        </test-method> <!-- productSearch -->
      </class> <!-- com.Base.Sample1 -->
    </test> <!-- Default test -->
  </suite> <!-- Default suite -->
</testng-results>
